<?xml version="1.0" encoding="UTF-8"?>
<testng-results ignored="0" total="2" passed="2" failed="0" skipped="0">
  <reporter-output>
  </reporter-output>
  <suite started-at="2022-01-14T18:25:21 EET" name="Default suite" finished-at="2022-01-14T18:25:31 EET" duration-ms="10045">
    <groups>
    </groups>
    <test started-at="2022-01-14T18:25:21 EET" name="Default test" finished-at="2022-01-14T18:25:31 EET" duration-ms="10045">
      <class name="GetData.GetRequest">
        <test-method signature="testResponsecode()[pri:0, instance:GetData.GetRequest@21de60b4]" started-at="2022-01-14T18:25:21 EET" name="testResponsecode" finished-at="2022-01-14T18:25:28 EET" duration-ms="6764" status="PASS">
          <reporter-output>
          </reporter-output>
        </test-method> <!-- testResponsecode -->
        <test-method signature="test_Post()[pri:0, instance:GetData.GetRequest@21de60b4]" started-at="2022-01-14T18:25:28 EET" name="test_Post" finished-at="2022-01-14T18:25:31 EET" duration-ms="3248" status="PASS">
          <reporter-output>
          </reporter-output>
        </test-method> <!-- test_Post -->
      </class> <!-- GetData.GetRequest -->
    </test> <!-- Default test -->
  </suite> <!-- Default suite -->
</testng-results>
